<?xml version='1.0' encoding='UTF-8'?>
<testsuite hostname="devops-TM1701" name="com.github.mrpowers.my.cool.project.MannersSpec" tests="1" errors="0" failures="1" skipped="0" time="3.241" timestamp="2020-03-19T19:24:32">
                     <properties>
[...]
</properties>
                     <testcase classname="com.github.mrpowers.my.cool.project.MannersSpec" name="happyData appends a happy column to a DataFrame" time="3.241">
                                                 <failure message="com.github.mrpowers.spark.fast.tests.DatasetSchemaMismatch: 
[34mStructField(name,StringType,true) | StructField(name,StringType,true)[39m
[31mStructField(happy1,StringType,false) | StructField(happy,StringType,false)[39m" type="sbt.ForkMain$ForkError">sbt.ForkMain$ForkError: com.github.mrpowers.spark.fast.tests.DatasetSchemaMismatch: 
[34mStructField(name,StringType,true) | StructField(name,StringType,true)[39m
[31mStructField(happy1,StringType,false) | StructField(happy,StringType,false)[39m
	at com.github.mrpowers.spark.fast.tests.DatasetComparer$class.assertSmallDatasetEquality(DatasetComparer.scala:105)
	at com.github.mrpowers.my.cool.project.MannersSpec.assertSmallDatasetEquality(MannersSpec.scala:9)
	at com.github.mrpowers.spark.fast.tests.DataFrameComparer$class.assertSmallDataFrameEquality(DataFrameComparer.scala:16)
	at com.github.mrpowers.my.cool.project.MannersSpec.assertSmallDataFrameEquality(MannersSpec.scala:9)
	at com.github.mrpowers.my.cool.project.MannersSpec$$anonfun$1$$anonfun$apply$mcV$sp$1.apply$mcV$sp(MannersSpec.scala:44)
	at com.github.mrpowers.my.cool.project.MannersSpec$$anonfun$1$$anonfun$apply$mcV$sp$1.apply(MannersSpec.scala:18)
	at com.github.mrpowers.my.cool.project.MannersSpec$$anonfun$1$$anonfun$apply$mcV$sp$1.apply(MannersSpec.scala:18)
	at org.scalatest.OutcomeOf$class.outcomeOf(OutcomeOf.scala:85)
	at org.scalatest.OutcomeOf$.outcomeOf(OutcomeOf.scala:104)
	at org.scalatest.Transformer.apply(Transformer.scala:22)
	at org.scalatest.Transformer.apply(Transformer.scala:20)
	at org.scalatest.FunSpecLike$$anon$1.apply(FunSpecLike.scala:454)
	at org.scalatest.TestSuite$class.withFixture(TestSuite.scala:196)
	at org.scalatest.FunSpec.withFixture(FunSpec.scala:1630)
	at org.scalatest.FunSpecLike$class.invokeWithFixture$1(FunSpecLike.scala:451)
	at org.scalatest.FunSpecLike$$anonfun$runTest$1.apply(FunSpecLike.scala:464)
	at org.scalatest.FunSpecLike$$anonfun$runTest$1.apply(FunSpecLike.scala:464)
	at org.scalatest.SuperEngine.runTestImpl(Engine.scala:289)
	at org.scalatest.FunSpecLike$class.runTest(FunSpecLike.scala:464)
	at org.scalatest.FunSpec.runTest(FunSpec.scala:1630)
	at org.scalatest.FunSpecLike$$anonfun$runTests$1.apply(FunSpecLike.scala:497)
	at org.scalatest.FunSpecLike$$anonfun$runTests$1.apply(FunSpecLike.scala:497)
	at org.scalatest.SuperEngine$$anonfun$traverseSubNodes$1$1.apply(Engine.scala:396)
	at org.scalatest.SuperEngine$$anonfun$traverseSubNodes$1$1.apply(Engine.scala:384)
	at scala.collection.immutable.List.foreach(List.scala:392)
	at org.scalatest.SuperEngine.traverseSubNodes$1(Engine.scala:384)
	at org.scalatest.SuperEngine.org$scalatest$SuperEngine$$runTestsInBranch(Engine.scala:373)
	at org.scalatest.SuperEngine$$anonfun$traverseSubNodes$1$1.apply(Engine.scala:410)
	at org.scalatest.SuperEngine$$anonfun$traverseSubNodes$1$1.apply(Engine.scala:384)
	at scala.collection.immutable.List.foreach(List.scala:392)
	at org.scalatest.SuperEngine.traverseSubNodes$1(Engine.scala:384)
	at org.scalatest.SuperEngine.org$scalatest$SuperEngine$$runTestsInBranch(Engine.scala:379)
	at org.scalatest.SuperEngine.runTestsImpl(Engine.scala:461)
	at org.scalatest.FunSpecLike$class.runTests(FunSpecLike.scala:497)
	at org.scalatest.FunSpec.runTests(FunSpec.scala:1630)
	at org.scalatest.Suite$class.run(Suite.scala:1147)
	at org.scalatest.FunSpec.org$scalatest$FunSpecLike$$super$run(FunSpec.scala:1630)
	at org.scalatest.FunSpecLike$$anonfun$run$1.apply(FunSpecLike.scala:501)
	at org.scalatest.FunSpecLike$$anonfun$run$1.apply(FunSpecLike.scala:501)
	at org.scalatest.SuperEngine.runImpl(Engine.scala:521)
	at org.scalatest.FunSpecLike$class.run(FunSpecLike.scala:501)
	at org.scalatest.FunSpec.run(FunSpec.scala:1630)
	at org.scalatest.tools.Framework.org$scalatest$tools$Framework$$runSuite(Framework.scala:314)
	at org.scalatest.tools.Framework$ScalaTestTask.execute(Framework.scala:480)
	at sbt.ForkMain$Run.lambda$runTest$1(ForkMain.java:304)
	at java.util.concurrent.FutureTask.run(FutureTask.java:266)
	at java.util.concurrent.ThreadPoolExecutor.runWorker(ThreadPoolExecutor.java:1149)
	at java.util.concurrent.ThreadPoolExecutor$Worker.run(ThreadPoolExecutor.java:624)
	at java.lang.Thread.run(Thread.java:748)
</failure>
                                               </testcase>
                     <system-out><![CDATA[]]></system-out>
                     <system-err><![CDATA[]]></system-err>
                   </testsuite>